<?xml version="1.0" encoding="UTF-8"?>
<!-- Generated by org.testng.reporters.JUnitReportReporter -->
<testsuite skipped="0" hostname="Ved" name="com.bhumi.SampleMaven.AutomationTests.TC03" tests="1" failures="0" timestamp="2024-02-20T11:59:18 EST" time="8.313" errors="0">
  <testcase name="loginErrorMessage3" time="8.313" classname="com.bhumi.SampleMaven.AutomationTests.TC03"/>
  <system-out>
    <![CDATA[Login Page Title Verified
Login verified. Salesforce Home Page Title Verified post login.
Logout Successfull
Remember username verified post logout]]>
  </system-out>
</testsuite> <!-- com.bhumi.SampleMaven.AutomationTests.TC03 -->
