<?xml version="1.0" encoding="UTF-8"?>
<!-- Generated by org.testng.reporters.JUnitReportReporter -->
<testsuite skipped="0" hostname="Ved" name="com.bhumi.SampleMaven.AutomationTests.TC04" tests="1" failures="0" timestamp="2024-02-20T11:59:18 EST" time="4.399" errors="0">
  <testcase name="loginErrorMessage3" time="4.399" classname="com.bhumi.SampleMaven.AutomationTests.TC04"/>
  <system-out>
    <![CDATA[Login Page Title Verified
Error message for login page with incorrect credentials verified]]>
  </system-out>
</testsuite> <!-- com.bhumi.SampleMaven.AutomationTests.TC04 -->
