<?xml version="1.0" encoding="UTF-8"?>
<!-- Generated by org.testng.reporters.JUnitReportReporter -->
<testsuite skipped="0" hostname="Ved" name="com.bhumi.SampleMaven.AutomationTests.TC02" tests="1" failures="0" timestamp="2024-02-20T11:59:18 EST" time="7.319" errors="0">
  <testcase name="loginErrorMessage2" time="7.319" classname="com.bhumi.SampleMaven.AutomationTests.TC02"/>
  <system-out>
    <![CDATA[Login Page Title Verified
Login verified. Salesforce Home Page Title Verified post login.]]>
  </system-out>
</testsuite> <!-- com.bhumi.SampleMaven.AutomationTests.TC02 -->
