<?xml version="1.0" encoding="UTF-8"?>
<!-- Generated by org.testng.reporters.JUnitReportReporter -->
<testsuite skipped="0" hostname="Ved" name="com.bhumi.SampleMaven.AutomationTests.TC01" tests="1" failures="0" timestamp="2024-02-20T11:59:18 EST" time="5.361" errors="0">
  <testcase name="loginErrorMessage1" time="5.361" classname="com.bhumi.SampleMaven.AutomationTests.TC01"/>
  <system-out>
    <![CDATA[Login Page Title Verified
UserName entry verified
Password field clear verified
Error message for login page missing password verified]]>
  </system-out>
</testsuite> <!-- com.bhumi.SampleMaven.AutomationTests.TC01 -->
